2020-11-29 15:07:27 - INFO - Columba livia (Rock Pigeon) (0.38)
2020-11-29 15:07:27 - INFO - Columba livia (Rock Pigeon) (0.46)
2020-11-29 15:07:28 - INFO - Columba livia (Rock Pigeon) (0.30), Passer domesticus (House Sparrow) (0.12)
2020-11-29 15:07:28 - INFO - Columba livia (Rock Pigeon) (0.38)
2020-11-29 15:07:28 - INFO - Columba livia (Rock Pigeon) (0.44)
2020-11-29 15:07:28 - INFO - Columba livia (Rock Pigeon) (0.37)
2020-11-29 15:07:28 - INFO - Columba livia (Rock Pigeon) (0.41), Passer domesticus (House Sparrow) (0.10)
2020-11-29 15:07:28 - INFO - Columba livia (Rock Pigeon) (0.35)
2020-11-29 15:07:28 - INFO - Columba livia (Rock Pigeon) (0.37)
2020-11-29 15:07:29 - INFO - Columba livia (Rock Pigeon) (0.44)
2020-11-29 15:07:29 - INFO - Columba livia (Rock Pigeon) (0.29)
2020-11-29 15:07:29 - INFO - Columba livia (Rock Pigeon) (0.45)
2020-11-29 15:07:29 - INFO - Columba livia (Rock Pigeon) (0.45)
2020-11-30 22:07:11 - INFO - Columba livia (Rock Pigeon) (0.43)
2020-11-30 22:07:13 - INFO - Columba livia (Rock Pigeon) (0.52)
2020-11-30 22:07:14 - INFO - Columba livia (Rock Pigeon) (0.41)
2020-11-30 22:07:15 - INFO - Columba livia (Rock Pigeon) (0.43)
2020-11-30 22:07:16 - INFO - Columba livia (Rock Pigeon) (0.60)
2020-11-30 22:07:17 - INFO - Columba livia (Rock Pigeon) (0.50)
2020-11-30 22:07:18 - INFO - Columba livia (Rock Pigeon) (0.44)
2020-11-30 22:07:19 - INFO - Columba livia (Rock Pigeon) (0.44)
2020-11-30 22:07:20 - INFO - Columba livia (Rock Pigeon) (0.47)
2020-11-30 22:07:21 - INFO - Columba livia (Rock Pigeon) (0.51)
2020-11-30 22:07:22 - INFO - Columba livia (Rock Pigeon) (0.42)
2020-11-30 22:07:24 - INFO - Columba livia (Rock Pigeon) (0.44)
2020-11-30 22:07:25 - INFO - Columba livia (Rock Pigeon) (0.47)
2020-11-30 22:07:26 - INFO - Columba livia (Rock Pigeon) (0.42)
2020-11-30 22:07:27 - INFO - Columba livia (Rock Pigeon) (0.55)
2020-11-30 22:07:28 - INFO - Columba livia (Rock Pigeon) (0.49)
2020-11-30 22:07:30 - INFO - Columba livia (Rock Pigeon) (0.50)
2020-11-30 22:07:39 - INFO - Columba livia (Rock Pigeon) (0.52)
2020-11-30 22:07:40 - INFO - Columba livia (Rock Pigeon) (0.48)
2020-11-30 22:07:43 - INFO - Poecile carolinensis (Carolina Chickadee) (0.85)
2020-11-30 22:07:47 - INFO - Poecile carolinensis (Carolina Chickadee) (0.55)
2020-11-30 22:07:48 - INFO - Poecile atricapillus (Black-capped Chickadee) (0.52), Poecile carolinensis (Carolina Chickadee) (0.44)
2020-11-30 22:07:49 - INFO - Poecile carolinensis (Carolina Chickadee) (0.53)
2020-11-30 22:07:50 - INFO - Poecile atricapillus (Black-capped Chickadee) (0.55)
2020-11-30 22:07:51 - INFO - Poecile atricapillus (Black-capped Chickadee) (0.76)
2020-11-30 22:08:05 - INFO - background (0.71)
2020-11-30 22:08:14 - INFO - Spizella passerina (Chipping Sparrow) (0.63)
2020-11-30 22:08:16 - INFO - Passer domesticus (House Sparrow) (0.48)
2020-11-30 22:08:20 - INFO - Melospiza melodia (Song Sparrow) (0.56)
